{"name": "test_create_user_invalid_json", "status": "failed", "statusDetails": {"message": "AssertionError: Expected 'code' to be 400, got 401.", "trace": "def test_create_user_invalid_json():\n        \"\"\"Test case for creating a user - negative case with invalid JSON syntax.\"\"\"\n        step_name = \"Create User - Invalid JSON\"\n        # request_data = \"\"\"{\n        #     \"name\": \"John Doe\",\n        #     \"email\": \"john.doe@example.com\",\n        #     \"gender\": \"male\",\n        #     \"status\": \"active\",\n        # }\"\"\"\n    \n        request_data = \"\"\"{\n            \"email\": \"7Z96utZH@example.com,\n            \"name\": \"7Z96utZH ,\n            \"gender\": \"male\",\n            \"status\": \"inactive,\n        }\"\"\"\n    \n        log_request_data(request_data, step_name)\n    \n        response = requests.post(f\"{BASE_URL}/users\", data=request_data, headers=headers)\n    \n        log_response_data(response, step_name)\n    \n        expected_status_code = 200\n        expected_values = {\n            \"code\": 400,\n            \"meta\": None,\n            \"data\": {\n                \"message\": \"Error occurred while parsing request parameters\"\n            }\n        }\n    \n>       log_and_assert(response, expected_status_code, expected_values)\n\nsrc/test_api.py:101: \n_ _ _ _ _ _ _ _ _ _ _ _ _ _ _ _ _ _ _ _ _ _ _ _ _ _ _ _ _ _ _ _ _ _ _ _ _ _ _ _ _ _ _ _ \n\nresponse = <Response [200]>, expected_status = 200\nexpected_values = {'code': 400, 'data': {'message': 'Error occurred while parsing request parameters'}, 'meta': None}\n\n    def log_and_assert(response, expected_status, expected_values):\n        \"\"\"\n        Log response and assert expected values.\n    \n        Parameters:\n        - response: The HTTP response object.\n        - expected_status: The expected HTTP status code.\n        - expected_values: A dictionary of expected values to assert in the response JSON.\n        \"\"\"\n    \n        log_response_data(response)\n        response_json = response.json()\n    \n        assert response.status_code == expected_status, f\"Expected status code {expected_status}, got {response.status_code}.\"\n    \n        for key, expected_value in expected_values.items():\n            actual_value = response_json.get(key)\n>           assert actual_value == expected_value, f\"Expected '{key}' to be {expected_value}, got {actual_value}.\"\nE           AssertionError: Expected 'code' to be 400, got 401.\n\nsrc/utils/logger_validator.py:30: AssertionError"}, "description": "Test case for creating a user - negative case with invalid JSON syntax.", "steps": [{"name": "Request for Create User - Invalid JSON", "status": "passed", "attachments": [{"name": "Create User - Invalid JSON", "source": "ed25534b-3437-46b9-aeab-135a1799367d-attachment.json", "type": "application/json"}], "start": 1729049195650, "stop": 1729049195650}, {"name": "Response for Create User - Invalid JSON", "status": "passed", "attachments": [{"name": "Create User - Invalid JSON", "source": "230a81ea-b833-4fb6-8e18-db7272b51f2b-attachment.json", "type": "application/json"}], "start": 1729049195853, "stop": 1729049195854}, {"name": "Response for Response", "status": "passed", "attachments": [{"name": "Response", "source": "430e0a30-0f2a-4df5-a3e6-026395a9a9f8-attachment.json", "type": "application/json"}], "start": 1729049195854, "stop": 1729049195854}], "start": 1729049195649, "stop": 1729049195854, "uuid": "fd313bd5-3846-4464-abc4-5457cc3adc7c", "historyId": "7ca760caa22fab52195aec27251ef5d5", "testCaseId": "7ca760caa22fab52195aec27251ef5d5", "fullName": "src.test_api#test_create_user_invalid_json", "labels": [{"name": "parentSuite", "value": "src"}, {"name": "suite", "value": "test_api"}, {"name": "host", "value": "Aras-MacBook-Air.local"}, {"name": "thread", "value": "32842-MainThread"}, {"name": "framework", "value": "pytest"}, {"name": "language", "value": "cpython3"}, {"name": "package", "value": "src.test_api"}]}